Registering publications...
Publications registered successfully.
Registering subscription...
Subscription registered successfully.
Federate entered execution mode.
Requesting time advancement to: 1
Received load current: (1.75284,-0.38418) at time step 0
Published voltages at time step 0
Requesting time advancement to: 2
Received load current: (1.75284,-0.38418) at time step 1
Published voltages at time step 1
Requesting time advancement to: 3
Received load current: (1.75284,-0.38418) at time step 2
Published voltages at time step 2
Requesting time advancement to: 4
Received load current: (1.75284,-0.38418) at time step 3
Published voltages at time step 3
Requesting time advancement to: 5
Received load current: (1.75284,-0.38418) at time step 4
Published voltages at time step 4
Requesting time advancement to: 6
Received load current: (1.75284,-0.38418) at time step 5
Published voltages at time step 5
Requesting time advancement to: 7
Received load current: (1.75284,-0.38418) at time step 6
Published voltages at time step 6
Requesting time advancement to: 8
Received load current: (1.75284,-0.38418) at time step 7
Published voltages at time step 7
Requesting time advancement to: 9
Received load current: (1.75284,-0.38418) at time step 8
Published voltages at time step 8
Requesting time advancement to: 10
Received load current: (1.75284,-0.38418) at time step 9
Published voltages at time step 9
Federate finalized successfully.
